Top 100 nodes with metric degree in year 2005

('ontology building', 0.11594202898550725)
('semantic web', 0.11594202898550725)
('usable methodologies', 0.11594202898550725)
('aware version', 0.11594202898550725)
('world wide web', 0.11594202898550725)
('making available large', 0.11594202898550725)
('methods proposed', 0.11594202898550725)
('knowledge representation', 0.11594202898550725)
('widely used standards', 0.11594202898550725)
('particle swarm optimization', 0.10144927536231885)
('simulation', 0.10144927536231885)
('benchmark (computing)', 0.08695652173913043)
('visual quality', 0.08695652173913043)
('experimental results', 0.08695652173913043)
('algorithm finds', 0.08695652173913043)
('user specified number', 0.08695652173913043)
('synthetic mri', 0.08695652173913043)
('satellite images', 0.08695652173913043)
('wide applicability', 0.08695652173913043)
('mathematical optimization', 0.08695652173913043)
('cluster groups', 0.08695652173913043)
('evolutionary computation', 0.07246376811594203)
('genetic algorithm', 0.07246376811594203)
('artificial neural network', 0.07246376811594203)
('lyapunov fractal', 0.07246376811594203)
('swarm robotics', 0.07246376811594203)
('monte carlo methods', 0.057971014492753624)
('human eyes sensing', 0.057971014492753624)
('similar way', 0.057971014492753624)
('adaptive enhancement', 0.057971014492753624)
('tone frequency components', 0.057971014492753624)
('global exponential stability', 0.057971014492753624)
('sliding mode control', 0.057971014492753624)
('bayesian methods', 0.043478260869565216)
('recurrent neural network', 0.043478260869565216)
('mimo', 0.043478260869565216)
('transmitting antennas', 0.043478260869565216)
('receiving antennas', 0.043478260869565216)
('social inequality', 0.043478260869565216)
('algorithm', 0.043478260869565216)
('gaussian approximation', 0.043478260869565216)
('inference algorithms', 0.028985507246376812)
('activation function', 0.028985507246376812)
('periodic solutions', 0.028985507246376812)
('statistics', 0.028985507246376812)
('mathematics', 0.028985507246376812)
('state estimation', 0.028985507246376812)
('neural network simulation', 0.028985507246376812)
('neural networks', 0.028985507246376812)
('probability distribution', 0.028985507246376812)
('linear matrix inequality', 0.028985507246376812)
('random variables', 0.014492753623188406)
('bam neural networks', 0.014492753623188406)
('cellular neural networks', 0.014492753623188406)
('radio resources', 0.014492753623188406)
('convex optimization', 0.014492753623188406)
('volume brings', 0.014492753623188406)
('scalability', 0.014492753623188406)
('face images', 0.014492753623188406)
('global asymptotic stability', 0.014492753623188406)
('equilibrium point', 0.014492753623188406)
('exponential stability', 0.014492753623188406)
('digital images captured', 0.014492753623188406)
('nonuniform lighting conditions', 0.014492753623188406)
('coordinated management', 0.014492753623188406)
('lyapunov method', 0.014492753623188406)
('discrete-time', 0.014492753623188406)
('related topics', 0.014492753623188406)
('problem domain', 0.014492753623188406)
('face recognition', 0.014492753623188406)
