Top 100 nodes with metric node_between in year 2005

('visual quality', 0.0038363171355498722)
('global exponential stability', 0.002131287297527707)
('bayesian methods', 0.0017050298380221654)
('monte carlo methods', 0.0010656436487638534)
('artificial neural network', 0.0010656436487638534)
('lyapunov fractal', 0.0010656436487638534)
('sliding mode control', 0.0010656436487638534)
('particle swarm optimization', 0.0009235578289286729)
('simulation', 0.0009235578289286729)
('linear matrix inequality', 0.00042625745950554135)
('swarm robotics', 0.0002841716396703609)
('benchmark (computing)', 0.00021312872975277067)
('mathematical optimization', 0.00021312872975277067)
('evolutionary computation', 0.0)
('genetic algorithm', 0.0)
('random variables', 0.0)
('inference algorithms', 0.0)
('bam neural networks', 0.0)
('human eyes sensing', 0.0)
('similar way', 0.0)
('adaptive enhancement', 0.0)
('tone frequency components', 0.0)
('recurrent neural network', 0.0)
('cellular neural networks', 0.0)
('activation function', 0.0)
('radio resources', 0.0)
('periodic solutions', 0.0)
('convex optimization', 0.0)
('experimental results', 0.0)
('algorithm finds', 0.0)
('user specified number', 0.0)
('synthetic mri', 0.0)
('satellite images', 0.0)
('wide applicability', 0.0)
('ontology building', 0.0)
('semantic web', 0.0)
('usable methodologies', 0.0)
('aware version', 0.0)
('world wide web', 0.0)
('making available large', 0.0)
('methods proposed', 0.0)
('knowledge representation', 0.0)
('volume brings', 0.0)
('mimo', 0.0)
('transmitting antennas', 0.0)
('receiving antennas', 0.0)
('statistics', 0.0)
('mathematics', 0.0)
('state estimation', 0.0)
('scalability', 0.0)
('face images', 0.0)
('global asymptotic stability', 0.0)
('equilibrium point', 0.0)
('exponential stability', 0.0)
('digital images captured', 0.0)
('social inequality', 0.0)
('neural network simulation', 0.0)
('nonuniform lighting conditions', 0.0)
('coordinated management', 0.0)
('neural networks', 0.0)
('lyapunov method', 0.0)
('algorithm', 0.0)
('cluster groups', 0.0)
('discrete-time', 0.0)
('widely used standards', 0.0)
('related topics', 0.0)
('gaussian approximation', 0.0)
('probability distribution', 0.0)
('problem domain', 0.0)
('face recognition', 0.0)
