Top 100 nodes with metric pagerank and weight num calculation mode in year 2005.

('global exponential stability', 0.028892583815826448)
('visual quality', 0.025317989095744762)
('monte carlo methods', 0.022808478518540058)
('sliding mode control', 0.022808478518540055)
('particle swarm optimization', 0.022112617472155757)
('artificial neural network', 0.021983565297825164)
('lyapunov fractal', 0.021983565297825164)
('linear matrix inequality', 0.020835772870770916)
('benchmark (computing)', 0.01949866874698526)
('mathematical optimization', 0.01949866874698526)
('bayesian methods', 0.018579631183852054)
('human eyes sensing', 0.015805716593330556)
('similar way', 0.015805716593330556)
('adaptive enhancement', 0.015805716593330556)
('tone frequency components', 0.015805716593330556)
('swarm robotics', 0.014735229629469592)
('recurrent neural network', 0.014578269193537986)
('social inequality', 0.014578269193537984)
('ontology building', 0.014285714285714292)
('semantic web', 0.014285714285714292)
('usable methodologies', 0.014285714285714292)
('aware version', 0.014285714285714292)
('world wide web', 0.014285714285714292)
('making available large', 0.014285714285714292)
('methods proposed', 0.01428571428571429)
('knowledge representation', 0.01428571428571429)
('widely used standards', 0.01428571428571429)
('bam neural networks', 0.014285714285714285)
('radio resources', 0.014285714285714285)
('convex optimization', 0.014285714285714285)
('volume brings', 0.014285714285714285)
('mathematics', 0.014285714285714285)
('state estimation', 0.014285714285714285)
('scalability', 0.014285714285714285)
('face images', 0.014285714285714285)
('exponential stability', 0.014285714285714285)
('coordinated management', 0.014285714285714285)
('lyapunov method', 0.014285714285714285)
('related topics', 0.014285714285714285)
('probability distribution', 0.014285714285714285)
('problem domain', 0.014285714285714285)
('face recognition', 0.014285714285714285)
('experimental results', 0.014285714285714282)
('algorithm finds', 0.014285714285714282)
('user specified number', 0.014285714285714282)
('synthetic mri', 0.014285714285714282)
('satellite images', 0.014285714285714282)
('wide applicability', 0.014285714285714282)
('mimo', 0.014285714285714282)
('transmitting antennas', 0.014285714285714282)
('receiving antennas', 0.014285714285714282)
('cluster groups', 0.014285714285714282)
('gaussian approximation', 0.014285714285714282)
('simulation', 0.013782071728604506)
('neural networks', 0.013616769781051209)
('periodic solutions', 0.011237785259640698)
('cellular neural networks', 0.011073336000416325)
('global asymptotic stability', 0.01101068499318597)
('equilibrium point', 0.01101068499318597)
('evolutionary computation', 0.009158521673140407)
('genetic algorithm', 0.009158521673140407)
('inference algorithms', 0.008108151524612207)
('statistics', 0.008108151524612207)
('discrete-time', 0.0066080965716367335)
('algorithm', 0.0063414146152331145)
('activation function', 0.006295308365779689)
('neural network simulation', 0.006295308365779689)
('digital images captured', 0.005729572265466483)
('nonuniform lighting conditions', 0.005729572265466483)
('random variables', 0.005301394444129151)
