Top 100 nodes with metric pagerank and weight frac calculation mode in year 2005.

('global exponential stability', 0.02974867421047565)
('visual quality', 0.027307538320685477)
('linear matrix inequality', 0.022502607929343003)
('artificial neural network', 0.022425208822695688)
('lyapunov fractal', 0.022425208822695688)
('monte carlo methods', 0.021939029281879317)
('sliding mode control', 0.021939029281879314)
('bayesian methods', 0.017914243156452975)
('human eyes sensing', 0.017047768281909667)
('similar way', 0.017047768281909667)
('adaptive enhancement', 0.017047768281909667)
('tone frequency components', 0.017047768281909664)
('swarm robotics', 0.01698582163784304)
('benchmark (computing)', 0.015719334936775797)
('mathematical optimization', 0.015719334936775797)
('ontology building', 0.015408320493066258)
('semantic web', 0.015408320493066258)
('usable methodologies', 0.015408320493066258)
('aware version', 0.015408320493066258)
('world wide web', 0.015408320493066258)
('making available large', 0.015408320493066258)
('methods proposed', 0.015408320493066258)
('knowledge representation', 0.015408320493066258)
('widely used standards', 0.015408320493066258)
('bam neural networks', 0.015408320493066254)
('radio resources', 0.015408320493066254)
('volume brings', 0.015408320493066254)
('mathematics', 0.015408320493066254)
('state estimation', 0.015408320493066254)
('scalability', 0.015408320493066254)
('face images', 0.015408320493066254)
('exponential stability', 0.015408320493066254)
('coordinated management', 0.015408320493066254)
('related topics', 0.015408320493066254)
('probability distribution', 0.015408320493066254)
('problem domain', 0.015408320493066254)
('face recognition', 0.015408320493066254)
('mimo', 0.01540832049306625)
('transmitting antennas', 0.01540832049306625)
('receiving antennas', 0.01540832049306625)
('gaussian approximation', 0.01540832049306625)
('experimental results', 0.015408320493066245)
('algorithm finds', 0.015408320493066245)
('user specified number', 0.015408320493066245)
('synthetic mri', 0.015408320493066245)
('satellite images', 0.015408320493066245)
('wide applicability', 0.015408320493066245)
('cluster groups', 0.015408320493066245)
('periodic solutions', 0.015013629693045772)
('neural networks', 0.015013629693045772)
('recurrent neural network', 0.013863933587152441)
('social inequality', 0.013863933587152441)
('particle swarm optimization', 0.013208790460870362)
('global asymptotic stability', 0.011861176774927878)
('equilibrium point', 0.011861176774927878)
('inference algorithms', 0.011635335430203996)
('statistics', 0.011635335430203996)
('activation function', 0.009935819069350638)
('neural network simulation', 0.009935819069350638)
('cellular neural networks', 0.00863283443438204)
('discrete-time', 0.00863283443438204)
('random variables', 0.007386950377777925)
('digital images captured', 0.006179816001569825)
('nonuniform lighting conditions', 0.006179816001569825)
('evolutionary computation', 0.0023112480739599386)
('simulation', 0.0023112480739599386)
('genetic algorithm', 0.0023112480739599386)
('convex optimization', 0.0023112480739599386)
('lyapunov method', 0.0023112480739599386)
('algorithm', 0.0023112480739599386)
